<?xml version="1.0" encoding="UTF-8"?>
<!-- Generated by org.testng.reporters.JUnitReportReporter -->
<testsuite hostname="DESKTOP" failures="0" tests="2" name="com.vtiger.qa.testcases.VerifyAccount" time="28.074" errors="0" timestamp="2023-03-13T13:17:54 IST" skipped="0">
  <testcase classname="com.vtiger.qa.testcases.VerifyAccount" name="tcCheckAccount" time="17.451"/>
  <system-out/>
  <testcase classname="com.vtiger.qa.testcases.VerifyAccount" name="tcAllDeleteAccount" time="10.623"/>
  <system-out/>
</testsuite> <!-- com.vtiger.qa.testcases.VerifyAccount -->
