<?xml version="1.0" encoding="UTF-8"?>
<!-- Generated by org.testng.reporters.JUnitReportReporter -->
<testsuite hostname="DESKTOP" failures="0" tests="2" name="com.vtiger.qa.pages.pratice" time="10.738" errors="0" timestamp="2023-03-13T11:07:56 IST" skipped="0">
  <testcase classname="com.vtiger.qa.pages.pratice" name="launchBrowser" time="10.395"/>
  <system-out/>
  <testcase classname="com.vtiger.qa.pages.pratice" name="loginTest" time="0.343"/>
  <system-out/>
</testsuite> <!-- com.vtiger.qa.pages.pratice -->
