<?xml version="1.0" encoding="UTF-8"?>
<!-- Generated by org.testng.reporters.JUnitReportReporter -->
<testsuite hostname="DESKTOP" failures="0" tests="1" name="com.vtiger.qa.testcases.VerifyLoginPage" time="4.256" errors="0" timestamp="2023-03-13T13:17:54 IST" skipped="0">
  <testcase classname="com.vtiger.qa.testcases.VerifyLoginPage" name="tcValidateLoginPage" time="4.256"/>
  <system-out/>
</testsuite> <!-- com.vtiger.qa.testcases.VerifyLoginPage -->
