<?xml version="1.0" encoding="UTF-8"?>
<!-- Generated by org.testng.reporters.JUnitReportReporter -->
<testsuite hostname="DESKTOP" failures="0" tests="1" name="com.vtiger.qa.testcases.VerifyLoginPage" time="11.087" errors="0" timestamp="2023-03-25T13:42:44 IST" skipped="0">
  <testcase classname="com.vtiger.qa.testcases.VerifyLoginPage" name="tcValidateLoginPage" time="11.087"/>
  <system-out/>
</testsuite> <!-- com.vtiger.qa.testcases.VerifyLoginPage -->
