<?xml version="1.0" encoding="UTF-8"?>
<!-- Generated by org.testng.reporters.JUnitReportReporter -->
<testsuite hostname="DESKTOP" failures="0" tests="2" name="com.vtiger.qa.testcases.VerifyAccount" time="36.425" errors="0" timestamp="2023-03-25T13:42:44 IST" skipped="0">
  <testcase classname="com.vtiger.qa.testcases.VerifyAccount" name="tcCheckAccount" time="27.240"/>
  <system-out/>
  <testcase classname="com.vtiger.qa.testcases.VerifyAccount" name="tcAllDeleteAccount" time="9.185"/>
  <system-out/>
</testsuite> <!-- com.vtiger.qa.testcases.VerifyAccount -->
